2025-06-18T21:24:57.031+02:00  INFO 8772 --- [Kukino] [main] com.n1hoo.Kukino.KukinoApplication       : Starting KukinoApplication using Java 24.0.1 with PID 8772 (C:\Kukino\target\classes started by waski in c:\Kukino)
2025-06-18T21:24:57.034+02:00 DEBUG 8772 --- [Kukino] [main] com.n1hoo.Kukino.KukinoApplication       : Running with Spring Boot v3.4.2, Spring v6.2.2
2025-06-18T21:24:57.034+02:00  INFO 8772 --- [Kukino] [main] com.n1hoo.Kukino.KukinoApplication       : The following 1 profile is active: "@spring.profiles.active@"
2025-06-18T21:24:57.745+02:00  INFO 8772 --- [Kukino] [main] .s.d.r.c.RepositoryConfigurationDelegate : Bootstrapping Spring Data MongoDB repositories in DEFAULT mode.
2025-06-18T21:24:57.799+02:00  INFO 8772 --- [Kukino] [main] .s.d.r.c.RepositoryConfigurationDelegate : Finished Spring Data repository scanning in 46 ms. Found 2 MongoDB repository interfaces.
2025-06-18T21:24:58.266+02:00  INFO 8772 --- [Kukino] [main] o.s.b.w.embedded.tomcat.TomcatWebServer  : Tomcat initialized with port 8080 (http)
2025-06-18T21:24:58.283+02:00  INFO 8772 --- [Kukino] [main] o.apache.catalina.core.StandardService   : Starting service [Tomcat]
2025-06-18T21:24:58.283+02:00  INFO 8772 --- [Kukino] [main] o.apache.catalina.core.StandardEngine    : Starting Servlet engine: [Apache Tomcat/10.1.34]
2025-06-18T21:24:58.351+02:00  INFO 8772 --- [Kukino] [main] o.a.c.c.C.[Tomcat].[localhost].[/]       : Initializing Spring embedded WebApplicationContext
2025-06-18T21:24:58.351+02:00  INFO 8772 --- [Kukino] [main] w.s.c.ServletWebServerApplicationContext : Root WebApplicationContext: initialization completed in 1270 ms
2025-06-18T21:24:58.549+02:00  INFO 8772 --- [Kukino] [main] org.mongodb.driver.client                : MongoClient with metadata {"driver": {"name": "mongo-java-driver|sync|spring-boot", "version": "5.2.1"}, "os": {"type": "Windows", "name": "Windows 11", "architecture": "amd64", "version": "10.0"}, "platform": "Java/Oracle Corporation/24.0.1+9-30"} created with settings MongoClientSettings{readPreference=primary, writeConcern=WriteConcern{w=null, wTimeout=null ms, journal=null}, retryWrites=true, retryReads=true, readConcern=ReadConcern{level=null}, credential=null, transportSettings=null, commandListeners=[], codecRegistry=ProvidersCodecRegistry{codecProviders=[ValueCodecProvider{}, BsonValueCodecProvider{}, DBRefCodecProvider{}, DBObjectCodecProvider{}, DocumentCodecProvider{}, CollectionCodecProvider{}, IterableCodecProvider{}, MapCodecProvider{}, GeoJsonCodecProvider{}, GridFSFileCodecProvider{}, Jsr310CodecProvider{}, JsonObjectCodecProvider{}, BsonCodecProvider{}, EnumCodecProvider{}, com.mongodb.client.model.mql.ExpressionCodecProvider@6ddee60f, com.mongodb.Jep395RecordCodecProvider@6e829e50, com.mongodb.KotlinCodecProvider@4aa2877c]}, loggerSettings=LoggerSettings{maxDocumentLength=1000}, clusterSettings={hosts=[localhost:27017], srvServiceName=mongodb, mode=SINGLE, requiredClusterType=UNKNOWN, requiredReplicaSetName='null', serverSelector='null', clusterListeners='[]', serverSelectionTimeout='30000 ms', localThreshold='15 ms'}, socketSettings=SocketSettings{connectTimeoutMS=10000, readTimeoutMS=0, receiveBufferSize=0, proxySettings=ProxySettings{host=null, port=null, username=null, password=null}}, heartbeatSocketSettings=SocketSettings{connectTimeoutMS=10000, readTimeoutMS=10000, receiveBufferSize=0, proxySettings=ProxySettings{host=null, port=null, username=null, password=null}}, connectionPoolSettings=ConnectionPoolSettings{maxSize=100, minSize=0, maxWaitTimeMS=120000, maxConnectionLifeTimeMS=0, maxConnectionIdleTimeMS=0, maintenanceInitialDelayMS=0, maintenanceFrequencyMS=60000, connectionPoolListeners=[], maxConnecting=2}, serverSettings=ServerSettings{heartbeatFrequencyMS=10000, minHeartbeatFrequencyMS=500, serverMonitoringMode=AUTO, serverListeners='[]', serverMonitorListeners='[]'}, sslSettings=SslSettings{enabled=false, invalidHostNameAllowed=false, context=null}, applicationName='null', compressorList=[], uuidRepresentation=JAVA_LEGACY, serverApi=null, autoEncryptionSettings=null, dnsClient=null, inetAddressResolver=null, contextProvider=null, timeoutMS=null}
2025-06-18T21:24:58.587+02:00  INFO 8772 --- [Kukino] [cluster-ClusterId{value='6853128ac6f4b450eedeae4c', description='null'}-localhost:27017] org.mongodb.driver.cluster               : Monitor thread successfully connected to server with description ServerDescription{address=localhost:27017, type=STANDALONE, cryptd=false, state=CONNECTED, ok=true, minWireVersion=0, maxWireVersion=25, maxDocumentSize=16777216, logicalSessionTimeoutMinutes=30, roundTripTimeNanos=19036800, minRoundTripTimeNanos=0}
2025-06-18T21:24:58.979+02:00  WARN 8772 --- [Kukino] [main] .s.s.UserDetailsServiceAutoConfiguration : 

Using generated security password: 7a221471-8c93-4639-8a27-87c037faaff0

This generated password is for development use only. Your security configuration must be updated before running your application in production.

2025-06-18T21:24:58.997+02:00  INFO 8772 --- [Kukino] [main] r$InitializeUserDetailsManagerConfigurer : Global AuthenticationManager configured with UserDetailsService bean with name inMemoryUserDetailsManager
2025-06-18T21:24:59.105+02:00  INFO 8772 --- [Kukino] [main] o.s.b.a.w.s.WelcomePageHandlerMapping    : Adding welcome page: class path resource [static/index.html]
2025-06-18T21:24:59.443+02:00  INFO 8772 --- [Kukino] [main] o.s.b.w.embedded.tomcat.TomcatWebServer  : Tomcat started on port 8080 (http) with context path '/'
2025-06-18T21:24:59.451+02:00  INFO 8772 --- [Kukino] [main] com.n1hoo.Kukino.KukinoApplication       : Started KukinoApplication in 2.86 seconds (process running for 3.188)
2025-06-18T21:25:07.608+02:00  INFO 8772 --- [Kukino] [SpringApplicationShutdownHook] o.s.b.w.e.tomcat.GracefulShutdown        : Commencing graceful shutdown. Waiting for active requests to complete
2025-06-18T21:25:07.615+02:00  INFO 8772 --- [Kukino] [tomcat-shutdown] o.s.b.w.e.tomcat.GracefulShutdown        : Graceful shutdown complete
